2019-09-07 12:14:03 ERROR AdminDbo:47 - java.sql.SQLException: Access denied for user 'vish'@'localhost' (using password: YES)
2019-09-07 12:14:03 ERROR AdminDbo:72 - java.lang.NullPointerException
2019-09-07 12:14:03 INFO  AdminDbo:75 - Authentication Failure!
2019-09-07 12:16:47 ERROR AdminDbo:47 - java.sql.SQLSyntaxErrorException: Unknown database 'voting'
2019-09-07 12:16:47 ERROR AdminDbo:72 - java.lang.NullPointerException
2019-09-07 12:16:47 INFO  AdminDbo:75 - Authentication Failure!
2019-09-07 12:18:20 ERROR AdminDbo:47 - java.sql.SQLSyntaxErrorException: Unknown database 'voting'
2019-09-07 12:18:20 ERROR AdminDbo:72 - java.lang.NullPointerException
2019-09-07 12:18:20 INFO  AdminDbo:75 - Authentication Failure!
2019-09-07 12:18:55 INFO  AdminDbo:44 - DB connection successful!
2019-09-07 12:18:55 INFO  AdminDbo:75 - Authentication Failure!
2019-09-07 12:22:38 INFO  AdminDbo:44 - DB connection successful!
2019-09-07 12:22:38 INFO  AdminDbo:68 - Authentication Successful!
2019-09-07 12:25:25 INFO  AdminDbo:44 - DB connection successful!
2019-09-07 12:25:25 INFO  AdminDbo:68 - Authentication Successful!
2019-09-07 12:26:54 ERROR VoterDbo:43 - java.sql.SQLSyntaxErrorException: Unknown database 'voting'
2019-09-07 12:27:58 ERROR VoterDbo:43 - java.sql.SQLSyntaxErrorException: Unknown database 'voting'
2019-09-07 12:28:45 ERROR VoterDbo:43 - java.sql.SQLSyntaxErrorException: Unknown database 'voting'
2019-09-07 12:30:02 ERROR VoterDbo:43 - java.sql.SQLSyntaxErrorException: Unknown database 'voting'
2019-09-07 12:30:54 ERROR VoterDbo:43 - java.sql.SQLSyntaxErrorException: Unknown database 'voting'
2019-09-07 12:31:18 INFO  AdminDbo:44 - DB connection successful!
2019-09-07 12:31:18 INFO  AdminDbo:68 - Authentication Successful!
2019-09-07 12:35:25 INFO  AdminDbo:44 - DB connection successful!
2019-09-07 12:35:25 INFO  AdminDbo:68 - Authentication Successful!
2019-09-07 12:38:19 INFO  AdminDbo:44 - DB connection successful!
2019-09-07 12:38:20 INFO  AdminDbo:68 - Authentication Successful!
2019-09-07 12:42:54 INFO  AdminDbo:44 - DB connection successful!
2019-09-07 12:42:54 INFO  AdminDbo:68 - Authentication Successful!
2019-09-07 12:43:37 INFO  AdminDbo:44 - DB connection successful!
2019-09-07 12:43:37 INFO  AdminDbo:68 - Authentication Successful!
2019-09-07 12:44:47 INFO  VoterDbo:39 - DB connection successful!
2019-09-07 12:46:42 INFO  VoterDbo:39 - DB connection successful!
2019-09-07 12:54:45 INFO  AdminDbo:44 - DB connection successful!
2019-09-07 12:54:45 INFO  AdminDbo:68 - Authentication Successful!
2019-09-07 13:15:05 INFO  AdminDbo:44 - DB connection successful!
2019-09-07 13:15:05 INFO  AdminDbo:68 - Authentication Successful!
2019-09-07 13:15:47 INFO  AdminDbo:44 - DB connection successful!
2019-09-07 13:15:47 INFO  AdminDbo:68 - Authentication Successful!
2019-09-07 13:19:44 INFO  AdminDbo:44 - DB connection successful!
2019-09-07 13:19:44 INFO  AdminDbo:68 - Authentication Successful!
2019-09-07 13:20:48 INFO  AdminDbo:44 - DB connection successful!
2019-09-07 13:20:48 INFO  AdminDbo:68 - Authentication Successful!
2019-09-07 13:21:23 INFO  AdminDbo:44 - DB connection successful!
2019-09-07 13:21:23 INFO  AdminDbo:68 - Authentication Successful!
2019-09-07 13:22:47 INFO  AdminDbo:44 - DB connection successful!
2019-09-07 13:22:47 INFO  AdminDbo:68 - Authentication Successful!
2019-09-07 13:26:50 INFO  AdminDbo:44 - DB connection successful!
2019-09-07 13:26:50 INFO  AdminDbo:68 - Authentication Successful!
2019-09-07 13:26:52 INFO  BallotDbo:50 - DB connection successful!
2019-09-07 13:29:07 INFO  AdminDbo:44 - DB connection successful!
2019-09-07 13:29:07 INFO  AdminDbo:68 - Authentication Successful!
2019-09-07 13:29:13 INFO  BallotDbo:50 - DB connection successful!
2019-09-07 13:30:07 INFO  AdminDbo:44 - DB connection successful!
2019-09-07 13:30:07 INFO  AdminDbo:68 - Authentication Successful!
2019-09-07 13:30:09 INFO  BallotDbo:50 - DB connection successful!
2019-09-07 13:30:57 INFO  VoterDbo:39 - DB connection successful!
2019-09-07 13:31:21 INFO  VoterDbo:39 - DB connection successful!
2019-09-07 13:31:21 INFO  BallotDbo:50 - DB connection successful!
2019-09-07 13:31:28 INFO  VoterDbo:39 - DB connection successful!
2019-09-07 13:37:14 INFO  AdminDbo:44 - DB connection successful!
2019-09-07 13:37:14 INFO  AdminDbo:68 - Authentication Successful!
2019-09-07 13:38:58 INFO  AdminDbo:44 - DB connection successful!
2019-09-07 13:38:58 INFO  AdminDbo:68 - Authentication Successful!
2019-09-07 13:39:00 INFO  BallotDbo:50 - DB connection successful!
2019-09-07 13:39:35 INFO  BallotDbo:50 - DB connection successful!
2019-09-07 13:39:39 INFO  VoterDbo:39 - DB connection successful!
